{"@t":"2025-04-09T08:38:03.1372146Z","@mt":"Seq {SeqVersion} running on OS {OSCaption}","SeqVersion":"2024.3.13545","OSCaption":"Ubuntu 22.04.5 LTS","SourceContext":"Seq.Server.Features.Diagnostics.EnvironmentInformationWriter"}
{"@t":"2025-04-09T08:38:03.4249716Z","@mt":"Opening event store at {StreamPath}","StreamPath":"/data/Stream/stream.flare","SourceContext":"Seq.Engine.Cluster.StorageNodeCoordinator"}
{"@t":"2025-04-09T08:38:03.4499232Z","@mt":"Ingestion enabled","SourceContext":"Seq.Engine.Cluster.StorageNodeCoordinator"}
{"@t":"2025-04-09T08:38:03.4582846Z","@mt":"Opening metastore {MetastorePath}","MetastorePath":"/data/Documents/metastore.flare","SourceContext":"Quince.Storage.Native.NativeDocumentStore"}
{"@t":"2025-04-09T08:38:03.4836640Z","@mt":"Storage subsystem available"}
{"@t":"2025-04-09T08:38:03.5360015Z","@mt":"Seq listening on {ListenUris}","ListenUris":["http://localhost/","https://localhost/","http://localhost:5341/","https://localhost:45341/"]}
{"@t":"2025-04-09T08:40:12.3220668Z","@mt":"Termination signal received"}
{"@t":"2025-04-09T08:40:12.3341519Z","@mt":"Signalling for {Workers} worker task(s) to complete","Workers":1,"SourceContext":"Seq.Engine.Workers.WorkerPool"}
{"@t":"2025-04-09T08:40:12.8648685Z","@mt":"Work {WorkDescription} ({WorkId}) observed cancellation and completed","WorkDescription":"Monitor alerts and trigger notifications","WorkId":"8762062d-a3a6-43bb-8afd-de95c6ab0861","SourceContext":"Seq.Engine.Workers.WorkerPool"}
{"@t":"2025-04-09T08:40:12.9505077Z","@mt":"Stopping {Tasks} scheduled tasks","Tasks":13,"SourceContext":"Seq.Server.Tasks.TaskRunner"}
{"@t":"2025-04-09T08:40:12.9526986Z","@mt":"Stopping input channel","SourceContext":"Seq.Server.Features.Apps.Inputs.InputChannel"}
{"@t":"2025-04-09T08:40:13.1030526Z","@mt":"Shutting down input channel; {AcceptedCount} queued events will be written","AcceptedCount":0,"SourceContext":"Seq.Server.Features.Apps.Inputs.InputChannel"}
{"@t":"2025-04-09T08:40:13.1034893Z","@mt":"Stopping broadcast channel","SourceContext":"Seq.Engine.Broadcast.BroadcastChannel"}
{"@t":"2025-04-09T08:40:14.0959200Z","@mt":"Shutting down broadcast channel with {AllowableFlush} flushable event batches (+{Tolerance} tolerance)","AllowableFlush":0,"Tolerance":15,"SourceContext":"Seq.Engine.Broadcast.BroadcastChannel"}
{"@t":"2025-04-09T08:40:14.0975955Z","@mt":"Closing event store","SourceContext":"Seq.Engine.Cluster.StorageNodeCoordinator"}
{"@t":"2025-04-09T08:40:14.0983990Z","@mt":"Closing metastore","SourceContext":"Quince.Storage.Native.NativeDocumentStore"}
{"@t":"2025-04-09T08:40:14.1006520Z","@mt":"Server stopped cleanly"}
{"@t":"2025-04-09T08:41:01.5715849Z","@mt":"Seq {SeqVersion} running on OS {OSCaption}","SeqVersion":"2024.3.13545","OSCaption":"Ubuntu 22.04.5 LTS","SourceContext":"Seq.Server.Features.Diagnostics.EnvironmentInformationWriter"}
{"@t":"2025-04-09T08:41:01.7770802Z","@mt":"Opening event store at {StreamPath}","StreamPath":"/data/Stream/stream.flare","SourceContext":"Seq.Engine.Cluster.StorageNodeCoordinator"}
{"@t":"2025-04-09T08:41:01.7903384Z","@mt":"Ingestion enabled","SourceContext":"Seq.Engine.Cluster.StorageNodeCoordinator"}
{"@t":"2025-04-09T08:41:01.7958940Z","@mt":"Opening metastore {MetastorePath}","MetastorePath":"/data/Documents/metastore.flare","SourceContext":"Quince.Storage.Native.NativeDocumentStore"}
{"@t":"2025-04-09T08:41:01.8170016Z","@mt":"Storage subsystem available"}
{"@t":"2025-04-09T08:41:01.8435460Z","@mt":"Seq listening on {ListenUris}","ListenUris":["http://localhost/","https://localhost/","http://localhost:5341/","https://localhost:45341/"]}
{"@t":"2025-04-09T08:46:01.8666863Z","@mt":"Metrics sampled","SystemMemoryUtilization":0.09630511980263401,"ProcessWorkingSetBytes":173178880,"ProcessCpuPercentage":0,"GCTotalHeapSizeBytes":0,"GCTotalFragmentedBytes":0,"GCPauseTimePercentage":0,"ProcessThreads":29,"ThreadPoolActiveThreads":5,"ThreadPoolAvailableWorkerThreads":32766,"ThreadPoolAvailableIOThreads":1000,"ArrivedEventsPerMinute":0,"IngestedEventsPerMinute":0,"IngestedBytesPerMinute":0,"InvalidPayloadsPerMinute":0,"UnauthorizedPayloadsPerMinute":0,"TotalWriteTimeLastMinute":0,"TotalIndexingTimeLastDay":0,"BroadcastQueueCount":0,"BroadcastSubscriptionQueuesAggregateCount":0,"AspNetCoreHostingCurrentRequestsMax":0,"AspNetCoreHostingFailedRequestsMax":0,"AspNetCoreHostingRequestsPerSecondIncrement":0,"KestrelCurrentConnectionsMax":0,"KestrelConnectionsPerSecondIncrement":0,"KestrelConnectionQueueLengthMax":0,"KestrelRequestQueueLengthMax":0,"KestrelFailedTlsHandshakesIncrement":0,"IngestEndpointActiveRequests":0,"QueryEndpointActiveRequests":0}
{"@t":"2025-04-09T08:51:01.8638497Z","@mt":"Metrics sampled","SystemMemoryUtilization":0.0983181529337005,"ProcessWorkingSetBytes":178274304,"ProcessCpuPercentage":1.2134154010660971,"GCTotalHeapSizeBytes":0,"GCTotalFragmentedBytes":0,"GCPauseTimePercentage":0,"ProcessThreads":31,"ThreadPoolActiveThreads":5,"ThreadPoolAvailableWorkerThreads":32766,"ThreadPoolAvailableIOThreads":1000,"ArrivedEventsPerMinute":0,"IngestedEventsPerMinute":0,"IngestedBytesPerMinute":0,"InvalidPayloadsPerMinute":0,"UnauthorizedPayloadsPerMinute":0,"TotalWriteTimeLastMinute":0,"TotalIndexingTimeLastDay":0,"BroadcastQueueCount":0,"BroadcastSubscriptionQueuesAggregateCount":0,"AspNetCoreHostingCurrentRequestsMax":0,"AspNetCoreHostingFailedRequestsMax":0,"AspNetCoreHostingRequestsPerSecondIncrement":0,"KestrelCurrentConnectionsMax":0,"KestrelConnectionsPerSecondIncrement":0,"KestrelConnectionQueueLengthMax":0,"KestrelRequestQueueLengthMax":0,"KestrelFailedTlsHandshakesIncrement":0,"IngestEndpointActiveRequests":0,"QueryEndpointActiveRequests":0}
{"@t":"2025-04-09T08:51:01.8706467Z","@sp":"a0ae4208851bbd3d","@tr":"669cc49f551100609626fcdae0c8e4ad","@mt":"Applying {Count} retention policies","Count":0,"SourceContext":"Seq.Server.Features.Retention.RetentionProcessor"}
{"@t":"2025-04-09T08:51:01.8751236Z","@sp":"a0ae4208851bbd3d","@tr":"669cc49f551100609626fcdae0c8e4ad","@mt":"Retention processing","@st":"2025-04-09T08:51:01.8701333Z","@ps":"52bde5d10f24e365","SourceContext":"Seq.Server.Features.Retention.RetentionProcessor"}
{"@t":"2025-04-09T08:51:01.8806527Z","@sp":"52bde5d10f24e365","@tr":"669cc49f551100609626fcdae0c8e4ad","@mt":"Retention processing took {Elapsed} ms; allocating {Allocation} ms for storage optimization","Elapsed":13.8228,"Allocation":599986.1772,"SourceContext":"Seq.Server.Features.Retention.StorageMaintenanceTask"}
{"@t":"2025-04-09T08:51:01.8876063Z","@sp":"7519aa3ade18e1ff","@tr":"669cc49f551100609626fcdae0c8e4ad","@mt":"Coalesced {SpanCount} stable spans in {Elapsed:0.000} ms","@r":["6.000"],"SpanCount":1,"Elapsed":6,"SourceContext":"Seq.Server.Features.Retention.StorageOptimizer"}
{"@t":"2025-04-09T08:51:01.8880085Z","@sp":"7519aa3ade18e1ff","@tr":"669cc49f551100609626fcdae0c8e4ad","@mt":"Optimize storage","SpanCount":1,"@st":"2025-04-09T08:51:01.8812628Z","@ps":"52bde5d10f24e365","SourceContext":"Seq.Server.Features.Retention.StorageOptimizer"}
{"@t":"2025-04-09T08:51:01.8882760Z","@sp":"52bde5d10f24e365","@tr":"669cc49f551100609626fcdae0c8e4ad","@mt":"Storage maintenance","@st":"2025-04-09T08:51:01.8670969Z","SourceContext":"Seq.Server.Features.Retention.StorageMaintenanceTask"}
{"@t":"2025-04-09T08:51:01.9294368Z","@sp":"7400e3e8f90e165c","@tr":"b754bc5b19e1d5a65b420ac64c5a013f","@mt":"Wrote {IndexSetCount} index sets","IndexSetCount":1,"SourceContext":"Seq.Server.Features.Indexing.EventStoreIndexer"}
{"@t":"2025-04-09T08:51:01.9296290Z","@sp":"7400e3e8f90e165c","@tr":"b754bc5b19e1d5a65b420ac64c5a013f","@mt":"Indexing with {Allocated:0.000} ms allowance","@r":["600000.000"],"Allocated":600000,"@st":"2025-04-09T08:51:01.8670933Z","SourceContext":"Seq.Server.Features.Indexing.EventStoreIndexer"}
{"@t":"2025-04-09T08:56:01.8327123Z","@mt":"Metrics sampled","SystemMemoryUtilization":0.09782025243903958,"ProcessWorkingSetBytes":187154432,"ProcessCpuPercentage":1.1999759228830993,"GCTotalHeapSizeBytes":0,"GCTotalFragmentedBytes":0,"GCPauseTimePercentage":0,"ProcessThreads":29,"ThreadPoolActiveThreads":5,"ThreadPoolAvailableWorkerThreads":32766,"ThreadPoolAvailableIOThreads":1000,"ArrivedEventsPerMinute":0,"IngestedEventsPerMinute":0,"IngestedBytesPerMinute":0,"InvalidPayloadsPerMinute":0,"UnauthorizedPayloadsPerMinute":0,"TotalWriteTimeLastMinute":0,"TotalIndexingTimeLastDay":2,"BroadcastQueueCount":0,"BroadcastSubscriptionQueuesAggregateCount":0,"AspNetCoreHostingCurrentRequestsMax":0,"AspNetCoreHostingFailedRequestsMax":0,"AspNetCoreHostingRequestsPerSecondIncrement":0,"KestrelCurrentConnectionsMax":0,"KestrelConnectionsPerSecondIncrement":0,"KestrelConnectionQueueLengthMax":0,"KestrelRequestQueueLengthMax":0,"KestrelFailedTlsHandshakesIncrement":0,"IngestEndpointActiveRequests":0,"QueryEndpointActiveRequests":0}
{"@t":"2025-04-09T09:01:01.8297746Z","@sp":"508efd458c4ce686","@tr":"fd266475d4251ed9101afd0b3e8e2db5","@mt":"Applying {Count} retention policies","Count":0,"SourceContext":"Seq.Server.Features.Retention.RetentionProcessor"}
{"@t":"2025-04-09T09:01:01.8349604Z","@sp":"508efd458c4ce686","@tr":"fd266475d4251ed9101afd0b3e8e2db5","@mt":"Retention processing","@st":"2025-04-09T09:01:01.8296338Z","@ps":"01047ec7f0fe14f9","SourceContext":"Seq.Server.Features.Retention.RetentionProcessor"}
{"@t":"2025-04-09T09:01:01.8364681Z","@sp":"01047ec7f0fe14f9","@tr":"fd266475d4251ed9101afd0b3e8e2db5","@mt":"Retention processing took {Elapsed} ms; allocating {Allocation} ms for storage optimization","Elapsed":7.0777,"Allocation":599992.9223,"SourceContext":"Seq.Server.Features.Retention.StorageMaintenanceTask"}
{"@t":"2025-04-09T09:01:01.8387074Z","@sp":"69267a7c6d1b420f","@tr":"fd266475d4251ed9101afd0b3e8e2db5","@mt":"Coalesced {SpanCount} stable spans in {Elapsed:0.000} ms","@r":["0.000"],"SpanCount":0,"Elapsed":0,"SourceContext":"Seq.Server.Features.Retention.StorageOptimizer"}
{"@t":"2025-04-09T09:01:01.8402488Z","@sp":"69267a7c6d1b420f","@tr":"fd266475d4251ed9101afd0b3e8e2db5","@mt":"Optimize storage","SpanCount":0,"@st":"2025-04-09T09:01:01.8379099Z","@ps":"01047ec7f0fe14f9","SourceContext":"Seq.Server.Features.Retention.StorageOptimizer"}
{"@t":"2025-04-09T09:01:01.8409736Z","@sp":"01047ec7f0fe14f9","@tr":"fd266475d4251ed9101afd0b3e8e2db5","@mt":"Storage maintenance","@st":"2025-04-09T09:01:01.8295128Z","SourceContext":"Seq.Server.Features.Retention.StorageMaintenanceTask"}
{"@t":"2025-04-09T09:01:01.8317647Z","@mt":"Metrics sampled","SystemMemoryUtilization":0.0999808116425982,"ProcessWorkingSetBytes":188989440,"ProcessCpuPercentage":1.056674704791146,"GCTotalHeapSizeBytes":0,"GCTotalFragmentedBytes":0,"GCPauseTimePercentage":0,"ProcessThreads":30,"ThreadPoolActiveThreads":4,"ThreadPoolAvailableWorkerThreads":32766,"ThreadPoolAvailableIOThreads":1000,"ArrivedEventsPerMinute":0,"IngestedEventsPerMinute":0,"IngestedBytesPerMinute":0,"InvalidPayloadsPerMinute":0,"UnauthorizedPayloadsPerMinute":0,"TotalWriteTimeLastMinute":0,"TotalIndexingTimeLastDay":2,"BroadcastQueueCount":0,"BroadcastSubscriptionQueuesAggregateCount":0,"AspNetCoreHostingCurrentRequestsMax":0,"AspNetCoreHostingFailedRequestsMax":0,"AspNetCoreHostingRequestsPerSecondIncrement":0,"KestrelCurrentConnectionsMax":0,"KestrelConnectionsPerSecondIncrement":0,"KestrelConnectionQueueLengthMax":0,"KestrelRequestQueueLengthMax":0,"KestrelFailedTlsHandshakesIncrement":0,"IngestEndpointActiveRequests":0,"QueryEndpointActiveRequests":0}
{"@t":"2025-04-09T09:01:01.8450745Z","@sp":"13731e971ee9f403","@tr":"d73fea885661125862dc2fd981fcabe7","@mt":"Wrote {IndexSetCount} index sets","IndexSetCount":0,"SourceContext":"Seq.Server.Features.Indexing.EventStoreIndexer"}
{"@t":"2025-04-09T09:01:01.8453056Z","@sp":"13731e971ee9f403","@tr":"d73fea885661125862dc2fd981fcabe7","@mt":"Indexing with {Allocated:0.000} ms allowance","@r":["600000.000"],"Allocated":600000,"@st":"2025-04-09T09:01:01.8295129Z","SourceContext":"Seq.Server.Features.Indexing.EventStoreIndexer"}
{"@t":"2025-04-09T09:03:52.2072409Z","@mt":"Termination signal received"}
{"@t":"2025-04-09T09:03:52.2190367Z","@mt":"Signalling for {Workers} worker task(s) to complete","Workers":1,"SourceContext":"Seq.Engine.Workers.WorkerPool"}
{"@t":"2025-04-09T09:03:53.1111298Z","@mt":"Work {WorkDescription} ({WorkId}) observed cancellation and completed","WorkDescription":"Monitor alerts and trigger notifications","WorkId":"f6b13f8e-1af9-4b34-961d-5102946128cd","SourceContext":"Seq.Engine.Workers.WorkerPool"}
{"@t":"2025-04-09T09:03:53.1425095Z","@mt":"Stopping {Tasks} scheduled tasks","Tasks":13,"SourceContext":"Seq.Server.Tasks.TaskRunner"}
{"@t":"2025-04-09T09:03:53.1467435Z","@mt":"Stopping input channel","SourceContext":"Seq.Server.Features.Apps.Inputs.InputChannel"}
{"@t":"2025-04-09T09:03:53.4474764Z","@mt":"Shutting down input channel; {AcceptedCount} queued events will be written","AcceptedCount":0,"SourceContext":"Seq.Server.Features.Apps.Inputs.InputChannel"}
{"@t":"2025-04-09T09:03:53.4486076Z","@mt":"Stopping broadcast channel","SourceContext":"Seq.Engine.Broadcast.BroadcastChannel"}
{"@t":"2025-04-09T09:03:54.4001963Z","@mt":"Shutting down broadcast channel with {AllowableFlush} flushable event batches (+{Tolerance} tolerance)","AllowableFlush":0,"Tolerance":15,"SourceContext":"Seq.Engine.Broadcast.BroadcastChannel"}
{"@t":"2025-04-09T09:03:54.4039412Z","@mt":"Closing event store","SourceContext":"Seq.Engine.Cluster.StorageNodeCoordinator"}
{"@t":"2025-04-09T09:03:54.4052386Z","@mt":"Closing metastore","SourceContext":"Quince.Storage.Native.NativeDocumentStore"}
{"@t":"2025-04-09T09:03:54.4116486Z","@mt":"Server stopped cleanly"}
{"@t":"2025-04-09T09:04:00.8144483Z","@mt":"Seq {SeqVersion} running on OS {OSCaption}","SeqVersion":"2024.3.13545","OSCaption":"Ubuntu 22.04.5 LTS","SourceContext":"Seq.Server.Features.Diagnostics.EnvironmentInformationWriter"}
{"@t":"2025-04-09T09:04:01.0212469Z","@mt":"Opening event store at {StreamPath}","StreamPath":"/data/Stream/stream.flare","SourceContext":"Seq.Engine.Cluster.StorageNodeCoordinator"}
{"@t":"2025-04-09T09:04:01.0325265Z","@mt":"Ingestion enabled","SourceContext":"Seq.Engine.Cluster.StorageNodeCoordinator"}
{"@t":"2025-04-09T09:04:01.0380043Z","@mt":"Opening metastore {MetastorePath}","MetastorePath":"/data/Documents/metastore.flare","SourceContext":"Quince.Storage.Native.NativeDocumentStore"}
{"@t":"2025-04-09T09:04:01.0591990Z","@mt":"Storage subsystem available"}
{"@t":"2025-04-09T09:04:01.0858668Z","@mt":"Seq listening on {ListenUris}","ListenUris":["http://localhost/","https://localhost/","http://localhost:5341/","https://localhost:45341/"]}
{"@t":"2025-04-09T09:09:01.1098342Z","@mt":"Metrics sampled","SystemMemoryUtilization":0.09689721768817672,"ProcessWorkingSetBytes":170594304,"ProcessCpuPercentage":0,"GCTotalHeapSizeBytes":0,"GCTotalFragmentedBytes":0,"GCPauseTimePercentage":0,"ProcessThreads":28,"ThreadPoolActiveThreads":4,"ThreadPoolAvailableWorkerThreads":32766,"ThreadPoolAvailableIOThreads":1000,"ArrivedEventsPerMinute":0,"IngestedEventsPerMinute":0,"IngestedBytesPerMinute":0,"InvalidPayloadsPerMinute":0,"UnauthorizedPayloadsPerMinute":0,"TotalWriteTimeLastMinute":0,"TotalIndexingTimeLastDay":0,"BroadcastQueueCount":0,"BroadcastSubscriptionQueuesAggregateCount":0,"AspNetCoreHostingCurrentRequestsMax":0,"AspNetCoreHostingFailedRequestsMax":0,"AspNetCoreHostingRequestsPerSecondIncrement":0,"KestrelCurrentConnectionsMax":0,"KestrelConnectionsPerSecondIncrement":0,"KestrelConnectionQueueLengthMax":0,"KestrelRequestQueueLengthMax":0,"KestrelFailedTlsHandshakesIncrement":0,"IngestEndpointActiveRequests":0,"QueryEndpointActiveRequests":0}
{"@t":"2025-04-09T09:14:01.1065365Z","@mt":"Metrics sampled","SystemMemoryUtilization":0.0955271191297955,"ProcessWorkingSetBytes":175759360,"ProcessCpuPercentage":1.1800567878728028,"GCTotalHeapSizeBytes":0,"GCTotalFragmentedBytes":0,"GCPauseTimePercentage":0,"ProcessThreads":31,"ThreadPoolActiveThreads":5,"ThreadPoolAvailableWorkerThreads":32766,"ThreadPoolAvailableIOThreads":1000,"ArrivedEventsPerMinute":0,"IngestedEventsPerMinute":0,"IngestedBytesPerMinute":0,"InvalidPayloadsPerMinute":0,"UnauthorizedPayloadsPerMinute":0,"TotalWriteTimeLastMinute":0,"TotalIndexingTimeLastDay":0,"BroadcastQueueCount":0,"BroadcastSubscriptionQueuesAggregateCount":0,"AspNetCoreHostingCurrentRequestsMax":0,"AspNetCoreHostingFailedRequestsMax":0,"AspNetCoreHostingRequestsPerSecondIncrement":0,"KestrelCurrentConnectionsMax":0,"KestrelConnectionsPerSecondIncrement":0,"KestrelConnectionQueueLengthMax":0,"KestrelRequestQueueLengthMax":0,"KestrelFailedTlsHandshakesIncrement":0,"IngestEndpointActiveRequests":0,"QueryEndpointActiveRequests":0}
{"@t":"2025-04-09T09:14:01.1134910Z","@sp":"f6f1a9b93e2b3016","@tr":"99d58e969688d5e3e2a71d626ebdb430","@mt":"Applying {Count} retention policies","Count":0,"SourceContext":"Seq.Server.Features.Retention.RetentionProcessor"}
{"@t":"2025-04-09T09:14:01.1177767Z","@sp":"f6f1a9b93e2b3016","@tr":"99d58e969688d5e3e2a71d626ebdb430","@mt":"Retention processing","@st":"2025-04-09T09:14:01.1130088Z","@ps":"9ec0c330534c14bc","SourceContext":"Seq.Server.Features.Retention.RetentionProcessor"}
{"@t":"2025-04-09T09:14:01.1207593Z","@sp":"9ec0c330534c14bc","@tr":"99d58e969688d5e3e2a71d626ebdb430","@mt":"Retention processing took {Elapsed} ms; allocating {Allocation} ms for storage optimization","Elapsed":11.5235,"Allocation":599988.4765,"SourceContext":"Seq.Server.Features.Retention.StorageMaintenanceTask"}
{"@t":"2025-04-09T09:14:01.1232386Z","@sp":"bcb4a87f4bafb990","@tr":"99d58e969688d5e3e2a71d626ebdb430","@mt":"Coalesced {SpanCount} stable spans in {Elapsed:0.000} ms","@r":["1.000"],"SpanCount":0,"Elapsed":1,"SourceContext":"Seq.Server.Features.Retention.StorageOptimizer"}
{"@t":"2025-04-09T09:14:01.1236434Z","@sp":"bcb4a87f4bafb990","@tr":"99d58e969688d5e3e2a71d626ebdb430","@mt":"Optimize storage","SpanCount":0,"@st":"2025-04-09T09:14:01.1213525Z","@ps":"9ec0c330534c14bc","SourceContext":"Seq.Server.Features.Retention.StorageOptimizer"}
{"@t":"2025-04-09T09:14:01.1239297Z","@sp":"9ec0c330534c14bc","@tr":"99d58e969688d5e3e2a71d626ebdb430","@mt":"Storage maintenance","@st":"2025-04-09T09:14:01.1097388Z","SourceContext":"Seq.Server.Features.Retention.StorageMaintenanceTask"}
{"@t":"2025-04-09T09:14:01.1642900Z","@sp":"7aba1eb49d1cdaf6","@tr":"9b9b51eaa8aa77da1f25907c7b468687","@mt":"Wrote {IndexSetCount} index sets","IndexSetCount":0,"SourceContext":"Seq.Server.Features.Indexing.EventStoreIndexer"}
{"@t":"2025-04-09T09:14:01.1644778Z","@sp":"7aba1eb49d1cdaf6","@tr":"9b9b51eaa8aa77da1f25907c7b468687","@mt":"Indexing with {Allocated:0.000} ms allowance","@r":["600000.000"],"Allocated":600000,"@st":"2025-04-09T09:14:01.1097671Z","SourceContext":"Seq.Server.Features.Indexing.EventStoreIndexer"}
{"@t":"2025-04-09T09:19:01.1080518Z","@mt":"Metrics sampled","SystemMemoryUtilization":0.09694855277421288,"ProcessWorkingSetBytes":185102336,"ProcessCpuPercentage":1.1466625035173372,"GCTotalHeapSizeBytes":0,"GCTotalFragmentedBytes":0,"GCPauseTimePercentage":0,"ProcessThreads":28,"ThreadPoolActiveThreads":4,"ThreadPoolAvailableWorkerThreads":32766,"ThreadPoolAvailableIOThreads":1000,"ArrivedEventsPerMinute":0,"IngestedEventsPerMinute":0,"IngestedBytesPerMinute":0,"InvalidPayloadsPerMinute":0,"UnauthorizedPayloadsPerMinute":0,"TotalWriteTimeLastMinute":0,"TotalIndexingTimeLastDay":0,"BroadcastQueueCount":0,"BroadcastSubscriptionQueuesAggregateCount":0,"AspNetCoreHostingCurrentRequestsMax":0,"AspNetCoreHostingFailedRequestsMax":0,"AspNetCoreHostingRequestsPerSecondIncrement":0,"KestrelCurrentConnectionsMax":0,"KestrelConnectionsPerSecondIncrement":0,"KestrelConnectionQueueLengthMax":0,"KestrelRequestQueueLengthMax":0,"KestrelFailedTlsHandshakesIncrement":0,"IngestEndpointActiveRequests":0,"QueryEndpointActiveRequests":0}
{"@t":"2025-04-09T09:24:01.1060436Z","@sp":"f17a0d68ecd26dac","@tr":"035cb5d736422ad4ced6ca481736eb67","@mt":"Applying {Count} retention policies","Count":0,"SourceContext":"Seq.Server.Features.Retention.RetentionProcessor"}
{"@t":"2025-04-09T09:24:01.1071535Z","@sp":"f17a0d68ecd26dac","@tr":"035cb5d736422ad4ced6ca481736eb67","@mt":"Retention processing","@st":"2025-04-09T09:24:01.1059818Z","@ps":"bd31e3adea4d671e","SourceContext":"Seq.Server.Features.Retention.RetentionProcessor"}
{"@t":"2025-04-09T09:24:01.1081871Z","@sp":"bd31e3adea4d671e","@tr":"035cb5d736422ad4ced6ca481736eb67","@mt":"Retention processing took {Elapsed} ms; allocating {Allocation} ms for storage optimization","Elapsed":2.296,"Allocation":599997.704,"SourceContext":"Seq.Server.Features.Retention.StorageMaintenanceTask"}
{"@t":"2025-04-09T09:24:01.1104850Z","@sp":"24c874e78ca1afb9","@tr":"035cb5d736422ad4ced6ca481736eb67","@mt":"Coalesced {SpanCount} stable spans in {Elapsed:0.000} ms","@r":["0.000"],"SpanCount":0,"Elapsed":0,"SourceContext":"Seq.Server.Features.Retention.StorageOptimizer"}
{"@t":"2025-04-09T09:24:01.1113863Z","@sp":"24c874e78ca1afb9","@tr":"035cb5d736422ad4ced6ca481736eb67","@mt":"Optimize storage","SpanCount":0,"@st":"2025-04-09T09:24:01.1099195Z","@ps":"bd31e3adea4d671e","SourceContext":"Seq.Server.Features.Retention.StorageOptimizer"}
{"@t":"2025-04-09T09:24:01.1059848Z","@mt":"Metrics sampled","SystemMemoryUtilization":0.09774698780168711,"ProcessWorkingSetBytes":189038592,"ProcessCpuPercentage":1.146666918168944,"GCTotalHeapSizeBytes":0,"GCTotalFragmentedBytes":0,"GCPauseTimePercentage":0,"ProcessThreads":31,"ThreadPoolActiveThreads":4,"ThreadPoolAvailableWorkerThreads":32763,"ThreadPoolAvailableIOThreads":1000,"ArrivedEventsPerMinute":0,"IngestedEventsPerMinute":0,"IngestedBytesPerMinute":0,"InvalidPayloadsPerMinute":0,"UnauthorizedPayloadsPerMinute":0,"TotalWriteTimeLastMinute":0,"TotalIndexingTimeLastDay":0,"BroadcastQueueCount":0,"BroadcastSubscriptionQueuesAggregateCount":0,"AspNetCoreHostingCurrentRequestsMax":0,"AspNetCoreHostingFailedRequestsMax":0,"AspNetCoreHostingRequestsPerSecondIncrement":0,"KestrelCurrentConnectionsMax":0,"KestrelConnectionsPerSecondIncrement":0,"KestrelConnectionQueueLengthMax":0,"KestrelRequestQueueLengthMax":0,"KestrelFailedTlsHandshakesIncrement":0,"IngestEndpointActiveRequests":0,"QueryEndpointActiveRequests":0}
{"@t":"2025-04-09T09:24:01.1123391Z","@sp":"bd31e3adea4d671e","@tr":"035cb5d736422ad4ced6ca481736eb67","@mt":"Storage maintenance","@st":"2025-04-09T09:24:01.1059067Z","SourceContext":"Seq.Server.Features.Retention.StorageMaintenanceTask"}
{"@t":"2025-04-09T09:24:01.1165210Z","@sp":"5081ca5b170c3602","@tr":"9fa10dd2078eaec4ddf980a49cf297c5","@mt":"Wrote {IndexSetCount} index sets","IndexSetCount":0,"SourceContext":"Seq.Server.Features.Indexing.EventStoreIndexer"}
{"@t":"2025-04-09T09:24:01.1168116Z","@sp":"5081ca5b170c3602","@tr":"9fa10dd2078eaec4ddf980a49cf297c5","@mt":"Indexing with {Allocated:0.000} ms allowance","@r":["600000.000"],"Allocated":600000,"@st":"2025-04-09T09:24:01.1059838Z","SourceContext":"Seq.Server.Features.Indexing.EventStoreIndexer"}
{"@t":"2025-04-09T09:26:32.1549139Z","@mt":"Termination signal received"}
{"@t":"2025-04-09T09:26:32.1640374Z","@mt":"Signalling for {Workers} worker task(s) to complete","Workers":1,"SourceContext":"Seq.Engine.Workers.WorkerPool"}
{"@t":"2025-04-09T09:26:33.1268076Z","@mt":"Work {WorkDescription} ({WorkId}) observed cancellation and completed","WorkDescription":"Monitor alerts and trigger notifications","WorkId":"cdbfa89e-7bcb-4aa1-9a4b-2560b7c6ca6a","SourceContext":"Seq.Engine.Workers.WorkerPool"}
{"@t":"2025-04-09T09:26:33.1941486Z","@mt":"Stopping {Tasks} scheduled tasks","Tasks":13,"SourceContext":"Seq.Server.Tasks.TaskRunner"}
{"@t":"2025-04-09T09:26:33.1989070Z","@mt":"Stopping input channel","SourceContext":"Seq.Server.Features.Apps.Inputs.InputChannel"}
{"@t":"2025-04-09T09:26:33.5869577Z","@mt":"Shutting down input channel; {AcceptedCount} queued events will be written","AcceptedCount":0,"SourceContext":"Seq.Server.Features.Apps.Inputs.InputChannel"}
{"@t":"2025-04-09T09:26:33.5884938Z","@mt":"Stopping broadcast channel","SourceContext":"Seq.Engine.Broadcast.BroadcastChannel"}
{"@t":"2025-04-09T09:26:34.5822786Z","@mt":"Shutting down broadcast channel with {AllowableFlush} flushable event batches (+{Tolerance} tolerance)","AllowableFlush":0,"Tolerance":15,"SourceContext":"Seq.Engine.Broadcast.BroadcastChannel"}
{"@t":"2025-04-09T09:26:34.5870494Z","@mt":"Closing event store","SourceContext":"Seq.Engine.Cluster.StorageNodeCoordinator"}
{"@t":"2025-04-09T09:26:34.5883095Z","@mt":"Closing metastore","SourceContext":"Quince.Storage.Native.NativeDocumentStore"}
{"@t":"2025-04-09T09:26:34.5926326Z","@mt":"Server stopped cleanly"}
{"@t":"2025-04-09T09:26:36.3457788Z","@mt":"Seq {SeqVersion} running on OS {OSCaption}","SeqVersion":"2024.3.13545","OSCaption":"Ubuntu 22.04.5 LTS","SourceContext":"Seq.Server.Features.Diagnostics.EnvironmentInformationWriter"}
{"@t":"2025-04-09T09:26:36.5298192Z","@mt":"Opening event store at {StreamPath}","StreamPath":"/data/Stream/stream.flare","SourceContext":"Seq.Engine.Cluster.StorageNodeCoordinator"}
{"@t":"2025-04-09T09:26:36.5407199Z","@mt":"Ingestion enabled","SourceContext":"Seq.Engine.Cluster.StorageNodeCoordinator"}
{"@t":"2025-04-09T09:26:36.5459315Z","@mt":"Opening metastore {MetastorePath}","MetastorePath":"/data/Documents/metastore.flare","SourceContext":"Quince.Storage.Native.NativeDocumentStore"}
{"@t":"2025-04-09T09:26:36.5672145Z","@mt":"Storage subsystem available"}
{"@t":"2025-04-09T09:26:36.5911193Z","@mt":"Seq listening on {ListenUris}","ListenUris":["http://localhost/","https://localhost/","http://localhost:5341/","https://localhost:45341/"]}
{"@t":"2025-04-09T09:27:12.8878920Z","@mt":"Termination signal received"}
{"@t":"2025-04-09T09:27:12.8961897Z","@mt":"Signalling for {Workers} worker task(s) to complete","Workers":1,"SourceContext":"Seq.Engine.Workers.WorkerPool"}
{"@t":"2025-04-09T09:27:13.6169193Z","@mt":"Work {WorkDescription} ({WorkId}) observed cancellation and completed","WorkDescription":"Monitor alerts and trigger notifications","WorkId":"de722d04-3db7-4a66-966e-5e26dcb0f8ec","SourceContext":"Seq.Engine.Workers.WorkerPool"}
{"@t":"2025-04-09T09:27:13.7113244Z","@mt":"Stopping {Tasks} scheduled tasks","Tasks":13,"SourceContext":"Seq.Server.Tasks.TaskRunner"}
{"@t":"2025-04-09T09:27:13.7151932Z","@mt":"Stopping input channel","SourceContext":"Seq.Server.Features.Apps.Inputs.InputChannel"}
{"@t":"2025-04-09T09:27:14.6962465Z","@mt":"Shutting down input channel; {AcceptedCount} queued events will be written","AcceptedCount":0,"SourceContext":"Seq.Server.Features.Apps.Inputs.InputChannel"}
{"@t":"2025-04-09T09:27:14.6978348Z","@mt":"Stopping broadcast channel","SourceContext":"Seq.Engine.Broadcast.BroadcastChannel"}
{"@t":"2025-04-09T09:27:14.7154291Z","@mt":"Shutting down broadcast channel with {AllowableFlush} flushable event batches (+{Tolerance} tolerance)","AllowableFlush":0,"Tolerance":15,"SourceContext":"Seq.Engine.Broadcast.BroadcastChannel"}
{"@t":"2025-04-09T09:27:14.7190519Z","@mt":"Closing event store","SourceContext":"Seq.Engine.Cluster.StorageNodeCoordinator"}
{"@t":"2025-04-09T09:27:14.7220651Z","@mt":"Closing metastore","SourceContext":"Quince.Storage.Native.NativeDocumentStore"}
{"@t":"2025-04-09T09:27:14.7273199Z","@mt":"Server stopped cleanly"}
