{"@t":"2025-04-05T19:18:16.7691740Z","@mt":"Seq {SeqVersion} running on OS {OSCaption}","SeqVersion":"2024.3.13545","OSCaption":"Ubuntu 22.04.5 LTS","SourceContext":"Seq.Server.Features.Diagnostics.EnvironmentInformationWriter"}
{"@t":"2025-04-05T19:18:16.9832200Z","@mt":"Opening event store at {StreamPath}","StreamPath":"/data/Stream/stream.flare","SourceContext":"Seq.Engine.Cluster.StorageNodeCoordinator"}
{"@t":"2025-04-05T19:18:16.9906116Z","@mt":"Ingestion enabled","SourceContext":"Seq.Engine.Cluster.StorageNodeCoordinator"}
{"@t":"2025-04-05T19:18:16.9972281Z","@mt":"Opening metastore {MetastorePath}","MetastorePath":"/data/Documents/metastore.flare","SourceContext":"Quince.Storage.Native.NativeDocumentStore"}
{"@t":"2025-04-05T19:18:17.0055526Z","@mt":"Initializing a new metastore","SourceContext":"Quince.Storage.Native.NativeDocumentStore"}
{"@t":"2025-04-05T19:18:17.0564811Z","@mt":"Creating default workspace for {UserId}","UserId":"user-admin"}
{"@t":"2025-04-05T19:18:17.0864185Z","@mt":"Storage subsystem available"}
{"@t":"2025-04-05T19:18:17.1131806Z","@mt":"Seq listening on {ListenUris}","ListenUris":["http://localhost/","https://localhost/","http://localhost:5341/","https://localhost:45341/"]}
{"@t":"2025-04-05T19:23:17.1228342Z","@mt":"Metrics sampled","SystemMemoryUtilization":0.09993944453443315,"ProcessWorkingSetBytes":219545600,"ProcessCpuPercentage":0,"GCTotalHeapSizeBytes":0,"GCTotalFragmentedBytes":0,"GCPauseTimePercentage":0,"ProcessThreads":28,"ThreadPoolActiveThreads":4,"ThreadPoolAvailableWorkerThreads":32766,"ThreadPoolAvailableIOThreads":1000,"ArrivedEventsPerMinute":0,"IngestedEventsPerMinute":0,"IngestedBytesPerMinute":0,"InvalidPayloadsPerMinute":0,"UnauthorizedPayloadsPerMinute":0,"TotalWriteTimeLastMinute":0,"TotalIndexingTimeLastDay":0,"BroadcastQueueCount":0,"BroadcastSubscriptionQueuesAggregateCount":0,"AspNetCoreHostingCurrentRequestsMax":0,"AspNetCoreHostingFailedRequestsMax":0,"AspNetCoreHostingRequestsPerSecondIncrement":0,"KestrelCurrentConnectionsMax":0,"KestrelConnectionsPerSecondIncrement":0,"KestrelConnectionQueueLengthMax":0,"KestrelRequestQueueLengthMax":0,"KestrelFailedTlsHandshakesIncrement":0,"IngestEndpointActiveRequests":0,"QueryEndpointActiveRequests":0}
{"@t":"2025-04-05T19:28:17.1164385Z","@mt":"Metrics sampled","SystemMemoryUtilization":0.10006055546556691,"ProcessWorkingSetBytes":223612928,"ProcessCpuPercentage":1.3900447084713068,"GCTotalHeapSizeBytes":0,"GCTotalFragmentedBytes":0,"GCPauseTimePercentage":0,"ProcessThreads":30,"ThreadPoolActiveThreads":5,"ThreadPoolAvailableWorkerThreads":32765,"ThreadPoolAvailableIOThreads":1000,"ArrivedEventsPerMinute":0,"IngestedEventsPerMinute":0,"IngestedBytesPerMinute":0,"InvalidPayloadsPerMinute":0,"UnauthorizedPayloadsPerMinute":0,"TotalWriteTimeLastMinute":0,"TotalIndexingTimeLastDay":0,"BroadcastQueueCount":0,"BroadcastSubscriptionQueuesAggregateCount":0,"AspNetCoreHostingCurrentRequestsMax":0,"AspNetCoreHostingFailedRequestsMax":0,"AspNetCoreHostingRequestsPerSecondIncrement":0,"KestrelCurrentConnectionsMax":0,"KestrelConnectionsPerSecondIncrement":0,"KestrelConnectionQueueLengthMax":0,"KestrelRequestQueueLengthMax":0,"KestrelFailedTlsHandshakesIncrement":0,"IngestEndpointActiveRequests":0,"QueryEndpointActiveRequests":0}
{"@t":"2025-04-05T19:28:17.1255258Z","@sp":"c1f5a7bc0d913100","@tr":"633737f7cda8c6da635e83d6155e7035","@mt":"Applying {Count} retention policies","Count":0,"SourceContext":"Seq.Server.Features.Retention.RetentionProcessor"}
{"@t":"2025-04-05T19:28:17.1301877Z","@sp":"c1f5a7bc0d913100","@tr":"633737f7cda8c6da635e83d6155e7035","@mt":"Retention processing","@st":"2025-04-05T19:28:17.1249000Z","@ps":"26f639149e60c209","SourceContext":"Seq.Server.Features.Retention.RetentionProcessor"}
{"@t":"2025-04-05T19:28:17.1346352Z","@sp":"26f639149e60c209","@tr":"633737f7cda8c6da635e83d6155e7035","@mt":"Retention processing took {Elapsed} ms; allocating {Allocation} ms for storage optimization","Elapsed":13.2885,"Allocation":599986.7115,"SourceContext":"Seq.Server.Features.Retention.StorageMaintenanceTask"}
{"@t":"2025-04-05T19:28:17.1382304Z","@sp":"3df563aba21c20b1","@tr":"633737f7cda8c6da635e83d6155e7035","@mt":"Coalesced {SpanCount} stable spans in {Elapsed:0.000} ms","@r":["2.000"],"SpanCount":0,"Elapsed":2,"SourceContext":"Seq.Server.Features.Retention.StorageOptimizer"}
{"@t":"2025-04-05T19:28:17.1391285Z","@sp":"3df563aba21c20b1","@tr":"633737f7cda8c6da635e83d6155e7035","@mt":"Optimize storage","SpanCount":0,"@st":"2025-04-05T19:28:17.1354230Z","@ps":"26f639149e60c209","SourceContext":"Seq.Server.Features.Retention.StorageOptimizer"}
{"@t":"2025-04-05T19:28:17.1395992Z","@sp":"26f639149e60c209","@tr":"633737f7cda8c6da635e83d6155e7035","@mt":"Storage maintenance","@st":"2025-04-05T19:28:17.1218449Z","SourceContext":"Seq.Server.Features.Retention.StorageMaintenanceTask"}
{"@t":"2025-04-05T19:28:17.1813174Z","@sp":"492d41563fe77224","@tr":"3fa1a926d0d286653a7affbddbd1e918","@mt":"Creating {IndexCount} missing index definitions","IndexCount":4,"SourceContext":"Seq.Engine.Queries.DataStore"}
{"@t":"2025-04-05T19:28:17.1905563Z","@sp":"492d41563fe77224","@tr":"3fa1a926d0d286653a7affbddbd1e918","@mt":"Wrote {IndexSetCount} index sets","IndexSetCount":0,"SourceContext":"Seq.Server.Features.Indexing.EventStoreIndexer"}
{"@t":"2025-04-05T19:28:17.1906517Z","@sp":"492d41563fe77224","@tr":"3fa1a926d0d286653a7affbddbd1e918","@mt":"Indexing with {Allocated:0.000} ms allowance","@r":["600000.000"],"Allocated":600000,"@st":"2025-04-05T19:28:17.1218450Z","SourceContext":"Seq.Server.Features.Indexing.EventStoreIndexer"}
{"@t":"2025-04-05T19:28:38.0549114Z","@mt":"Termination signal received"}
{"@t":"2025-04-05T19:28:38.0631148Z","@mt":"Signalling for {Workers} worker task(s) to complete","Workers":1,"SourceContext":"Seq.Engine.Workers.WorkerPool"}
{"@t":"2025-04-05T19:28:38.5300391Z","@mt":"Work {WorkDescription} ({WorkId}) observed cancellation and completed","WorkDescription":"Monitor alerts and trigger notifications","WorkId":"a6362261-a49f-4fde-9e55-4760a5ac2d1e","SourceContext":"Seq.Engine.Workers.WorkerPool"}
{"@t":"2025-04-05T19:28:38.5698752Z","@mt":"Stopping {Tasks} scheduled tasks","Tasks":13,"SourceContext":"Seq.Server.Tasks.TaskRunner"}
{"@t":"2025-04-05T19:28:38.5727859Z","@mt":"Stopping input channel","SourceContext":"Seq.Server.Features.Apps.Inputs.InputChannel"}
{"@t":"2025-04-05T19:28:38.8206587Z","@mt":"Shutting down input channel; {AcceptedCount} queued events will be written","AcceptedCount":0,"SourceContext":"Seq.Server.Features.Apps.Inputs.InputChannel"}
{"@t":"2025-04-05T19:28:38.8215259Z","@mt":"Stopping broadcast channel","SourceContext":"Seq.Engine.Broadcast.BroadcastChannel"}
{"@t":"2025-04-05T19:28:39.7021387Z","@mt":"Shutting down broadcast channel with {AllowableFlush} flushable event batches (+{Tolerance} tolerance)","AllowableFlush":0,"Tolerance":15,"SourceContext":"Seq.Engine.Broadcast.BroadcastChannel"}
{"@t":"2025-04-05T19:28:39.7069454Z","@mt":"Closing event store","SourceContext":"Seq.Engine.Cluster.StorageNodeCoordinator"}
{"@t":"2025-04-05T19:28:39.7101576Z","@mt":"Closing metastore","SourceContext":"Quince.Storage.Native.NativeDocumentStore"}
{"@t":"2025-04-05T19:28:39.7164640Z","@mt":"Server stopped cleanly"}
{"@t":"2025-04-05T21:02:36.8189671Z","@mt":"Seq {SeqVersion} running on OS {OSCaption}","SeqVersion":"2024.3.13545","OSCaption":"Ubuntu 22.04.5 LTS","SourceContext":"Seq.Server.Features.Diagnostics.EnvironmentInformationWriter"}
{"@t":"2025-04-05T21:02:37.0771467Z","@mt":"Opening event store at {StreamPath}","StreamPath":"/data/Stream/stream.flare","SourceContext":"Seq.Engine.Cluster.StorageNodeCoordinator"}
{"@t":"2025-04-05T21:02:37.0903800Z","@mt":"Ingestion enabled","SourceContext":"Seq.Engine.Cluster.StorageNodeCoordinator"}
{"@t":"2025-04-05T21:02:37.0976089Z","@mt":"Opening metastore {MetastorePath}","MetastorePath":"/data/Documents/metastore.flare","SourceContext":"Quince.Storage.Native.NativeDocumentStore"}
{"@t":"2025-04-05T21:02:37.1239928Z","@mt":"Storage subsystem available"}
{"@t":"2025-04-05T21:02:37.1553366Z","@mt":"Seq listening on {ListenUris}","ListenUris":["http://localhost/","https://localhost/","http://localhost:5341/","https://localhost:45341/"]}
{"@t":"2025-04-05T21:05:24.5572479Z","@mt":"Termination signal received"}
{"@t":"2025-04-05T21:05:24.5692492Z","@mt":"Signalling for {Workers} worker task(s) to complete","Workers":1,"SourceContext":"Seq.Engine.Workers.WorkerPool"}
{"@t":"2025-04-05T21:05:24.6672924Z","@mt":"Work {WorkDescription} ({WorkId}) observed cancellation and completed","WorkDescription":"Monitor alerts and trigger notifications","WorkId":"64dd3ca1-4ebd-42d8-bcb8-5d5eeec73a4b","SourceContext":"Seq.Engine.Workers.WorkerPool"}
{"@t":"2025-04-05T21:05:24.6717640Z","@mt":"Stopping {Tasks} scheduled tasks","Tasks":13,"SourceContext":"Seq.Server.Tasks.TaskRunner"}
{"@t":"2025-04-05T21:05:24.6728802Z","@mt":"Stopping input channel","SourceContext":"Seq.Server.Features.Apps.Inputs.InputChannel"}
{"@t":"2025-04-05T21:05:24.7389908Z","@mt":"Shutting down input channel; {AcceptedCount} queued events will be written","AcceptedCount":0,"SourceContext":"Seq.Server.Features.Apps.Inputs.InputChannel"}
{"@t":"2025-04-05T21:05:24.7394053Z","@mt":"Stopping broadcast channel","SourceContext":"Seq.Engine.Broadcast.BroadcastChannel"}
{"@t":"2025-04-05T21:05:24.7464922Z","@mt":"Shutting down broadcast channel with {AllowableFlush} flushable event batches (+{Tolerance} tolerance)","AllowableFlush":0,"Tolerance":15,"SourceContext":"Seq.Engine.Broadcast.BroadcastChannel"}
{"@t":"2025-04-05T21:05:24.7476648Z","@mt":"Closing event store","SourceContext":"Seq.Engine.Cluster.StorageNodeCoordinator"}
{"@t":"2025-04-05T21:05:24.7485723Z","@mt":"Closing metastore","SourceContext":"Quince.Storage.Native.NativeDocumentStore"}
{"@t":"2025-04-05T21:05:24.7503664Z","@mt":"Server stopped cleanly"}
{"@t":"2025-04-05T21:05:43.6922560Z","@mt":"Seq {SeqVersion} running on OS {OSCaption}","SeqVersion":"2024.3.13545","OSCaption":"Ubuntu 22.04.5 LTS","SourceContext":"Seq.Server.Features.Diagnostics.EnvironmentInformationWriter"}
{"@t":"2025-04-05T21:05:43.9010846Z","@mt":"Opening event store at {StreamPath}","StreamPath":"/data/Stream/stream.flare","SourceContext":"Seq.Engine.Cluster.StorageNodeCoordinator"}
{"@t":"2025-04-05T21:05:43.9135539Z","@mt":"Ingestion enabled","SourceContext":"Seq.Engine.Cluster.StorageNodeCoordinator"}
{"@t":"2025-04-05T21:05:43.9191358Z","@mt":"Opening metastore {MetastorePath}","MetastorePath":"/data/Documents/metastore.flare","SourceContext":"Quince.Storage.Native.NativeDocumentStore"}
{"@t":"2025-04-05T21:05:43.9395691Z","@mt":"Storage subsystem available"}
{"@t":"2025-04-05T21:05:43.9675538Z","@mt":"Seq listening on {ListenUris}","ListenUris":["http://localhost/","https://localhost/","http://localhost:5341/","https://localhost:45341/"]}
{"@t":"2025-04-05T21:10:43.9813016Z","@mt":"Metrics sampled","SystemMemoryUtilization":0.10374571688450851,"ProcessWorkingSetBytes":174112768,"ProcessCpuPercentage":0,"GCTotalHeapSizeBytes":0,"GCTotalFragmentedBytes":0,"GCPauseTimePercentage":0,"ProcessThreads":28,"ThreadPoolActiveThreads":4,"ThreadPoolAvailableWorkerThreads":32766,"ThreadPoolAvailableIOThreads":1000,"ArrivedEventsPerMinute":0,"IngestedEventsPerMinute":0,"IngestedBytesPerMinute":0,"InvalidPayloadsPerMinute":0,"UnauthorizedPayloadsPerMinute":0,"TotalWriteTimeLastMinute":0,"TotalIndexingTimeLastDay":0,"BroadcastQueueCount":0,"BroadcastSubscriptionQueuesAggregateCount":0,"AspNetCoreHostingCurrentRequestsMax":0,"AspNetCoreHostingFailedRequestsMax":0,"AspNetCoreHostingRequestsPerSecondIncrement":0,"KestrelCurrentConnectionsMax":0,"KestrelConnectionsPerSecondIncrement":0,"KestrelConnectionQueueLengthMax":0,"KestrelRequestQueueLengthMax":0,"KestrelFailedTlsHandshakesIncrement":0,"IngestEndpointActiveRequests":0,"QueryEndpointActiveRequests":0}
{"@t":"2025-04-05T21:11:37.0619234Z","@mt":"Termination signal received"}
{"@t":"2025-04-05T21:11:37.0727132Z","@mt":"Signalling for {Workers} worker task(s) to complete","Workers":1,"SourceContext":"Seq.Engine.Workers.WorkerPool"}
{"@t":"2025-04-05T21:11:37.1377828Z","@mt":"Work {WorkDescription} ({WorkId}) observed cancellation and completed","WorkDescription":"Monitor alerts and trigger notifications","WorkId":"ce3e76bb-f638-4674-8c12-89c160463943","SourceContext":"Seq.Engine.Workers.WorkerPool"}
{"@t":"2025-04-05T21:11:37.1776747Z","@mt":"Stopping {Tasks} scheduled tasks","Tasks":13,"SourceContext":"Seq.Server.Tasks.TaskRunner"}
{"@t":"2025-04-05T21:11:37.1797001Z","@mt":"Stopping input channel","SourceContext":"Seq.Server.Features.Apps.Inputs.InputChannel"}
{"@t":"2025-04-05T21:11:37.9516686Z","@mt":"Shutting down input channel; {AcceptedCount} queued events will be written","AcceptedCount":0,"SourceContext":"Seq.Server.Features.Apps.Inputs.InputChannel"}
{"@t":"2025-04-05T21:11:37.9529169Z","@mt":"Stopping broadcast channel","SourceContext":"Seq.Engine.Broadcast.BroadcastChannel"}
{"@t":"2025-04-05T21:11:38.0711444Z","@mt":"Shutting down broadcast channel with {AllowableFlush} flushable event batches (+{Tolerance} tolerance)","AllowableFlush":0,"Tolerance":15,"SourceContext":"Seq.Engine.Broadcast.BroadcastChannel"}
{"@t":"2025-04-05T21:11:38.0746887Z","@mt":"Closing event store","SourceContext":"Seq.Engine.Cluster.StorageNodeCoordinator"}
{"@t":"2025-04-05T21:11:38.0773626Z","@mt":"Closing metastore","SourceContext":"Quince.Storage.Native.NativeDocumentStore"}
{"@t":"2025-04-05T21:11:38.0835990Z","@mt":"Server stopped cleanly"}
